<?xml version="1.0" encoding="UTF-8"?>
<!-- Generated by org.testng.reporters.JUnitReportReporter -->
<testsuite hostname="Apples-Air" failures="0" tests="1" name="com.empirix.cloudplatform.testcases.TC_ClientDetails" time="30.010" errors="0" timestamp="2020-04-04T10:40:08 IST" skipped="0">
  <testcase classname="com.empirix.cloudplatform.testcases.TC_ClientDetails" name="verifyClientDetails" time="30.010"/>
  <system-out/>
</testsuite> <!-- com.empirix.cloudplatform.testcases.TC_ClientDetails -->
