<?xml version="1.0" encoding="UTF-8"?>
<!-- Generated by org.testng.reporters.JUnitReportReporter -->
<testsuite hostname="Apples-MacBook-Air.local" failures="0" tests="6" name="com.empirix.cloudplatform.testcases.TC_SwitchEnglishLang" time="34.461" errors="0" timestamp="2020-04-04T14:36:00 IST" skipped="0">
  <testcase classname="com.empirix.cloudplatform.testcases.TC_SwitchEnglishLang" name="switchToJapanease" time="15.556"/>
  <system-out/>
  <testcase classname="com.empirix.cloudplatform.testcases.TC_SwitchEnglishLang" name="verifyDashboard" time="6.231"/>
  <system-out/>
  <testcase classname="com.empirix.cloudplatform.testcases.TC_SwitchEnglishLang" name="verifyAlerts" time="3.175"/>
  <system-out/>
  <testcase classname="com.empirix.cloudplatform.testcases.TC_SwitchEnglishLang" name="verifyTests" time="3.178"/>
  <system-out/>
  <testcase classname="com.empirix.cloudplatform.testcases.TC_SwitchEnglishLang" name="verifyVariables" time="3.127"/>
  <system-out/>
  <testcase classname="com.empirix.cloudplatform.testcases.TC_SwitchEnglishLang" name="verifyNotifications" time="3.194"/>
  <system-out/>
</testsuite> <!-- com.empirix.cloudplatform.testcases.TC_SwitchEnglishLang -->
