<?xml version="1.0" encoding="UTF-8"?>
<!-- Generated by org.testng.reporters.JUnitReportReporter -->
<testsuite hostname="Apples-Air" failures="0" tests="6" name="com.empirix.cloudplatform.testcases.TC_SwitchJapaneaseLang" time="31.209" errors="0" timestamp="2020-04-04T09:56:17 IST" skipped="0">
  <testcase classname="com.empirix.cloudplatform.testcases.TC_SwitchJapaneaseLang" name="switchToJapanease" time="30.265"/>
  <system-out/>
  <testcase classname="com.empirix.cloudplatform.testcases.TC_SwitchJapaneaseLang" name="verifyDashboard" time="0.243"/>
  <system-out/>
  <testcase classname="com.empirix.cloudplatform.testcases.TC_SwitchJapaneaseLang" name="verifyAlerts" time="0.186"/>
  <system-out/>
  <testcase classname="com.empirix.cloudplatform.testcases.TC_SwitchJapaneaseLang" name="verifyTests" time="0.184"/>
  <system-out/>
  <testcase classname="com.empirix.cloudplatform.testcases.TC_SwitchJapaneaseLang" name="verifyVariables" time="0.155"/>
  <system-out/>
  <testcase classname="com.empirix.cloudplatform.testcases.TC_SwitchJapaneaseLang" name="verifyNotifications" time="0.176"/>
  <system-out/>
</testsuite> <!-- com.empirix.cloudplatform.testcases.TC_SwitchJapaneaseLang -->
