<?xml version="1.0" encoding="UTF-8"?>
<!-- Generated by org.testng.reporters.JUnitReportReporter -->
<testsuite hostname="Apples-Air" failures="0" tests="12" name="com.empirix.cloudplatform.testcases.TC_SwitchLanguage" time="0.000" errors="0" timestamp="2020-04-04T20:13:04 IST" skipped="12">
  <testcase classname="com.empirix.cloudplatform.testcases.TC_SwitchLanguage" name="switchToJapanease" time="0.000">
    <skipped/>
  </testcase> <!-- switchToJapanease -->
  <system-out/>
  <testcase classname="com.empirix.cloudplatform.testcases.TC_SwitchLanguage" name="switchToJapanease" time="0.000">
    <skipped/>
  </testcase> <!-- switchToJapanease -->
  <system-out/>
  <testcase classname="com.empirix.cloudplatform.testcases.TC_SwitchLanguage" name="verifyDashboard" time="0.000">
    <skipped/>
  </testcase> <!-- verifyDashboard -->
  <system-out/>
  <testcase classname="com.empirix.cloudplatform.testcases.TC_SwitchLanguage" name="verifyDashboard" time="0.000">
    <skipped/>
  </testcase> <!-- verifyDashboard -->
  <system-out/>
  <testcase classname="com.empirix.cloudplatform.testcases.TC_SwitchLanguage" name="verifyAlerts" time="0.000">
    <skipped/>
  </testcase> <!-- verifyAlerts -->
  <system-out/>
  <testcase classname="com.empirix.cloudplatform.testcases.TC_SwitchLanguage" name="verifyAlerts" time="0.000">
    <skipped/>
  </testcase> <!-- verifyAlerts -->
  <system-out/>
  <testcase classname="com.empirix.cloudplatform.testcases.TC_SwitchLanguage" name="verifyTests" time="0.000">
    <skipped/>
  </testcase> <!-- verifyTests -->
  <system-out/>
  <testcase classname="com.empirix.cloudplatform.testcases.TC_SwitchLanguage" name="verifyTests" time="0.000">
    <skipped/>
  </testcase> <!-- verifyTests -->
  <system-out/>
  <testcase classname="com.empirix.cloudplatform.testcases.TC_SwitchLanguage" name="verifyVariables" time="0.000">
    <skipped/>
  </testcase> <!-- verifyVariables -->
  <system-out/>
  <testcase classname="com.empirix.cloudplatform.testcases.TC_SwitchLanguage" name="verifyVariables" time="0.000">
    <skipped/>
  </testcase> <!-- verifyVariables -->
  <system-out/>
  <testcase classname="com.empirix.cloudplatform.testcases.TC_SwitchLanguage" name="verifyNotifications" time="0.000">
    <skipped/>
  </testcase> <!-- verifyNotifications -->
  <system-out/>
  <testcase classname="com.empirix.cloudplatform.testcases.TC_SwitchLanguage" name="verifyNotifications" time="0.000">
    <skipped/>
  </testcase> <!-- verifyNotifications -->
  <system-out/>
</testsuite> <!-- com.empirix.cloudplatform.testcases.TC_SwitchLanguage -->
